<?xml version="1.0" encoding="UTF-8"?>
<testng-results skipped="0" failed="0" ignored="0" total="1" passed="1">
  <reporter-output>
  </reporter-output>
  <suite name="Default suite" duration-ms="21211" started-at="2022-01-12T22:50:36 CST" finished-at="2022-01-12T22:50:57 CST">
    <groups>
    </groups>
    <test name="Default test" duration-ms="21211" started-at="2022-01-12T22:50:36 CST" finished-at="2022-01-12T22:50:57 CST">
      <class name="test.AddCustomerTest">
        <test-method status="PASS" signature="validUserShouldBeAbleToAddCustomer()[pri:0, instance:test.AddCustomerTest@9d5509a]" name="validUserShouldBeAbleToAddCustomer" duration-ms="21181" started-at="2022-01-12T22:50:36 CST" finished-at="2022-01-12T22:50:57 CST">
          <reporter-output>
          </reporter-output>
        </test-method> <!-- validUserShouldBeAbleToAddCustomer -->
      </class> <!-- test.AddCustomerTest -->
    </test> <!-- Default test -->
  </suite> <!-- Default suite -->
</testng-results>
